#! /c/Source/iverilog-install/bin/vvp
:ivl_version "12.0 (devel)" "(s20150603-1539-g2693dd32b)";
:ivl_delay_selection "TYPICAL";
:vpi_time_precision - 12;
:vpi_module "C:\iverilog\lib\ivl\system.vpi";
:vpi_module "C:\iverilog\lib\ivl\vhdl_sys.vpi";
:vpi_module "C:\iverilog\lib\ivl\vhdl_textio.vpi";
:vpi_module "C:\iverilog\lib\ivl\v2005_math.vpi";
:vpi_module "C:\iverilog\lib\ivl\va_math.vpi";
S_000001870b2b91b0 .scope module, "alu_tb" "alu_tb" 2 3;
 .timescale -9 -12;
v000001870b317af0_0 .var "A", 7 0;
v000001870b319210_0 .var "A_m", 3 0;
v000001870b3192b0_0 .var "B", 7 0;
v000001870b317e10_0 .var "B_m", 3 0;
v000001870b319710_0 .net "Flag", 0 0, v000001870b3190d0_0;  1 drivers
v000001870b317a50_0 .var "Opcode", 2 0;
v000001870b319530_0 .net "Result", 7 0, v000001870b319490_0;  1 drivers
S_000001870b2b9340 .scope module, "dut" "alu_head" 2 14, 2 79 0, S_000001870b2b91b0;
 .timescale -9 -12;
    .port_info 0 /INPUT 8 "A";
    .port_info 1 /INPUT 8 "B";
    .port_info 2 /INPUT 4 "A_m";
    .port_info 3 /INPUT 4 "B_m";
    .port_info 4 /INPUT 3 "OpCode";
    .port_info 5 /OUTPUT 8 "Result";
    .port_info 6 /OUTPUT 1 "Flag";
v000001870b317cd0_0 .net "A", 7 0, v000001870b317af0_0;  1 drivers
v000001870b3189f0_0 .net "A_m", 3 0, v000001870b319210_0;  1 drivers
v000001870b3188b0_0 .net "B", 7 0, v000001870b3192b0_0;  1 drivers
v000001870b318f90_0 .net "B_m", 3 0, v000001870b317e10_0;  1 drivers
v000001870b3190d0_0 .var "Flag", 0 0;
v000001870b319030_0 .net "OpCode", 2 0, v000001870b317a50_0;  1 drivers
v000001870b319490_0 .var "Result", 7 0;
v000001870b318770_0 .net "and_res", 7 0, L_000001870b2bceb0;  1 drivers
v000001870b318130_0 .net "borrow", 0 0, L_000001870b318310;  1 drivers
v000001870b317f50_0 .net "carry", 0 0, L_000001870b3195d0;  1 drivers
v000001870b319170_0 .net "cy", 0 0, L_000001870b31a280;  1 drivers
v000001870b318950_0 .net "diff", 7 0, L_000001870b3183b0;  1 drivers
v000001870b319670_0 .net "mul", 7 0, L_000001870b31a320;  1 drivers
v000001870b318590_0 .net "not1_res", 7 0, L_000001870b2bd4d0;  1 drivers
v000001870b318630_0 .net "not2_res", 7 0, L_000001870b2bd770;  1 drivers
v000001870b318a90_0 .net "or_res", 7 0, L_000001870b2bcac0;  1 drivers
v000001870b3186d0_0 .net "sum", 7 0, L_000001870b318270;  1 drivers
v000001870b3181d0_0 .net "xor_res", 7 0, L_000001870b2bd3f0;  1 drivers
E_000001870b2c3830/0 .event anyedge, v000001870b319030_0, v000001870b29f770_0, v000001870b29f630_0, v000001870b29f950_0;
E_000001870b2c3830/1 .event anyedge, v000001870b29f590_0, v000001870b319350_0, v000001870b317ff0_0, v000001870b318450_0;
E_000001870b2c3830/2 .event anyedge, v000001870b317d70_0, v000001870b318e50_0, v000001870b317b90_0, v000001870b3184f0_0;
E_000001870b2c3830 .event/or E_000001870b2c3830/0, E_000001870b2c3830/1, E_000001870b2c3830/2;
S_000001870b2ab230 .scope module, "u0" "adder" 2 90, 2 119 0, S_000001870b2b9340;
 .timescale -9 -12;
    .port_info 0 /INPUT 8 "a";
    .port_info 1 /INPUT 8 "b";
    .port_info 2 /OUTPUT 8 "c";
    .port_info 3 /OUTPUT 1 "carry";
L_000001870b3600d0 .functor BUFT 1, C4<0>, C4<0>, C4<0>, C4<0>;
v000001870b29fbd0_0 .net *"_ivl_10", 0 0, L_000001870b3600d0;  1 drivers
v000001870b29f6d0_0 .net *"_ivl_11", 8 0, L_000001870b317eb0;  1 drivers
v000001870b2a0030_0 .net *"_ivl_3", 8 0, L_000001870b3197b0;  1 drivers
L_000001870b360088 .functor BUFT 1, C4<0>, C4<0>, C4<0>, C4<0>;
v000001870b29f270_0 .net *"_ivl_6", 0 0, L_000001870b360088;  1 drivers
v000001870b29f810_0 .net *"_ivl_7", 8 0, L_000001870b3179b0;  1 drivers
v000001870b2a0170_0 .net "a", 7 0, v000001870b317af0_0;  alias, 1 drivers
v000001870b29fef0_0 .net "b", 7 0, v000001870b3192b0_0;  alias, 1 drivers
v000001870b29f770_0 .net "c", 7 0, L_000001870b318270;  alias, 1 drivers
v000001870b29f630_0 .net "carry", 0 0, L_000001870b3195d0;  alias, 1 drivers
L_000001870b3195d0 .part L_000001870b317eb0, 8, 1;
L_000001870b318270 .part L_000001870b317eb0, 0, 8;
L_000001870b3197b0 .concat [ 8 1 0 0], v000001870b317af0_0, L_000001870b360088;
L_000001870b3179b0 .concat [ 8 1 0 0], v000001870b3192b0_0, L_000001870b3600d0;
L_000001870b317eb0 .arith/sum 9, L_000001870b3197b0, L_000001870b3179b0;
S_000001870b2ab3c0 .scope module, "u1" "SuB" 2 91, 2 128 0, S_000001870b2b9340;
 .timescale -9 -12;
    .port_info 0 /INPUT 8 "a";
    .port_info 1 /INPUT 8 "b";
    .port_info 2 /OUTPUT 1 "borrow";
    .port_info 3 /OUTPUT 8 "diff";
L_000001870b360160 .functor BUFT 1, C4<0>, C4<0>, C4<0>, C4<0>;
v000001870b29fb30_0 .net *"_ivl_10", 0 0, L_000001870b360160;  1 drivers
v000001870b29fdb0_0 .net *"_ivl_11", 8 0, L_000001870b319ba0;  1 drivers
v000001870b29f9f0_0 .net *"_ivl_3", 8 0, L_000001870b31ad20;  1 drivers
L_000001870b360118 .functor BUFT 1, C4<0>, C4<0>, C4<0>, C4<0>;
v000001870b29f310_0 .net *"_ivl_6", 0 0, L_000001870b360118;  1 drivers
v000001870b29ff90_0 .net *"_ivl_7", 8 0, L_000001870b319ec0;  1 drivers
v000001870b29fe50_0 .net "a", 7 0, v000001870b317af0_0;  alias, 1 drivers
v000001870b29f3b0_0 .net "b", 7 0, v000001870b3192b0_0;  alias, 1 drivers
v000001870b29f590_0 .net "borrow", 0 0, L_000001870b318310;  alias, 1 drivers
v000001870b29f950_0 .net "diff", 7 0, L_000001870b3183b0;  alias, 1 drivers
L_000001870b318310 .part L_000001870b319ba0, 8, 1;
L_000001870b3183b0 .part L_000001870b319ba0, 0, 8;
L_000001870b31ad20 .concat [ 8 1 0 0], v000001870b317af0_0, L_000001870b360118;
L_000001870b319ec0 .concat [ 8 1 0 0], v000001870b3192b0_0, L_000001870b360160;
L_000001870b319ba0 .arith/sub 9, L_000001870b31ad20, L_000001870b319ec0;
S_000001870b2bdf30 .scope module, "u2" "Mul" 2 92, 2 166 0, S_000001870b2b9340;
 .timescale -9 -12;
    .port_info 0 /INPUT 4 "a";
    .port_info 1 /INPUT 4 "b";
    .port_info 2 /OUTPUT 8 "c";
    .port_info 3 /OUTPUT 1 "cy";
L_000001870b3601f0 .functor BUFT 1, C4<00000>, C4<0>, C4<0>, C4<0>;
v000001870b29f450_0 .net *"_ivl_10", 4 0, L_000001870b3601f0;  1 drivers
v000001870b29f4f0_0 .net *"_ivl_12", 8 0, L_000001870b31a6e0;  1 drivers
v000001870b29f8b0_0 .net *"_ivl_3", 8 0, L_000001870b31b0e0;  1 drivers
L_000001870b3601a8 .functor BUFT 1, C4<00000>, C4<0>, C4<0>, C4<0>;
v000001870b29fa90_0 .net *"_ivl_6", 4 0, L_000001870b3601a8;  1 drivers
v000001870b318bd0_0 .net *"_ivl_7", 8 0, L_000001870b31a140;  1 drivers
v000001870b318b30_0 .net "a", 3 0, v000001870b319210_0;  alias, 1 drivers
v000001870b317c30_0 .net "b", 3 0, v000001870b317e10_0;  alias, 1 drivers
v000001870b319350_0 .net "c", 7 0, L_000001870b31a320;  alias, 1 drivers
v000001870b317ff0_0 .net "cy", 0 0, L_000001870b31a280;  alias, 1 drivers
L_000001870b31a280 .part L_000001870b31a6e0, 8, 1;
L_000001870b31a320 .part L_000001870b31a6e0, 0, 8;
L_000001870b31b0e0 .concat [ 4 5 0 0], v000001870b319210_0, L_000001870b3601a8;
L_000001870b31a140 .concat [ 4 5 0 0], v000001870b317e10_0, L_000001870b3601f0;
L_000001870b31a6e0 .arith/mult 9, L_000001870b31b0e0, L_000001870b31a140;
S_000001870b2be0c0 .scope module, "u3" "oR" 2 93, 2 137 0, S_000001870b2b9340;
 .timescale -9 -12;
    .port_info 0 /INPUT 8 "a";
    .port_info 1 /INPUT 8 "b";
    .port_info 2 /OUTPUT 8 "c";
L_000001870b2bcac0 .functor OR 8, v000001870b317af0_0, v000001870b3192b0_0, C4<00000000>, C4<00000000>;
v000001870b318c70_0 .net "a", 7 0, v000001870b317af0_0;  alias, 1 drivers
v000001870b3193f0_0 .net "b", 7 0, v000001870b3192b0_0;  alias, 1 drivers
v000001870b318450_0 .net "c", 7 0, L_000001870b2bcac0;  alias, 1 drivers
S_000001870b2be460 .scope module, "u4" "And" 2 94, 2 144 0, S_000001870b2b9340;
 .timescale -9 -12;
    .port_info 0 /INPUT 8 "a";
    .port_info 1 /INPUT 8 "b";
    .port_info 2 /OUTPUT 8 "c";
L_000001870b2bceb0 .functor AND 8, v000001870b317af0_0, v000001870b3192b0_0, C4<11111111>, C4<11111111>;
v000001870b318810_0 .net "a", 7 0, v000001870b317af0_0;  alias, 1 drivers
v000001870b318db0_0 .net "b", 7 0, v000001870b3192b0_0;  alias, 1 drivers
v000001870b317d70_0 .net "c", 7 0, L_000001870b2bceb0;  alias, 1 drivers
S_000001870b2be5f0 .scope module, "u5" "Xor" 2 95, 2 152 0, S_000001870b2b9340;
 .timescale -9 -12;
    .port_info 0 /INPUT 8 "a";
    .port_info 1 /INPUT 8 "b";
    .port_info 2 /OUTPUT 8 "c";
L_000001870b2bd3f0 .functor XOR 8, v000001870b317af0_0, v000001870b3192b0_0, C4<00000000>, C4<00000000>;
v000001870b317910_0 .net "a", 7 0, v000001870b317af0_0;  alias, 1 drivers
v000001870b318d10_0 .net "b", 7 0, v000001870b3192b0_0;  alias, 1 drivers
v000001870b318e50_0 .net "c", 7 0, L_000001870b2bd3f0;  alias, 1 drivers
S_000001870b2be990 .scope module, "u6" "Not" 2 96, 2 159 0, S_000001870b2b9340;
 .timescale -9 -12;
    .port_info 0 /INPUT 8 "a";
    .port_info 1 /OUTPUT 8 "c";
L_000001870b2bd4d0 .functor NOT 8, v000001870b317af0_0, C4<00000000>, C4<00000000>, C4<00000000>;
v000001870b318090_0 .net "a", 7 0, v000001870b317af0_0;  alias, 1 drivers
v000001870b317b90_0 .net "c", 7 0, L_000001870b2bd4d0;  alias, 1 drivers
S_000001870b2beb20 .scope module, "u7" "Not" 2 97, 2 159 0, S_000001870b2b9340;
 .timescale -9 -12;
    .port_info 0 /INPUT 8 "a";
    .port_info 1 /OUTPUT 8 "c";
L_000001870b2bd770 .functor NOT 8, v000001870b3192b0_0, C4<00000000>, C4<00000000>, C4<00000000>;
v000001870b318ef0_0 .net "a", 7 0, v000001870b3192b0_0;  alias, 1 drivers
v000001870b3184f0_0 .net "c", 7 0, L_000001870b2bd770;  alias, 1 drivers
    .scope S_000001870b2b9340;
T_0 ;
    %wait E_000001870b2c3830;
    %pushi/vec4 0, 0, 8;
    %store/vec4 v000001870b319490_0, 0, 8;
    %pushi/vec4 0, 0, 1;
    %store/vec4 v000001870b3190d0_0, 0, 1;
    %load/vec4 v000001870b319030_0;
    %dup/vec4;
    %pushi/vec4 0, 0, 3;
    %cmp/u;
    %jmp/1 T_0.0, 6;
    %dup/vec4;
    %pushi/vec4 1, 0, 3;
    %cmp/u;
    %jmp/1 T_0.1, 6;
    %dup/vec4;
    %pushi/vec4 2, 0, 3;
    %cmp/u;
    %jmp/1 T_0.2, 6;
    %dup/vec4;
    %pushi/vec4 3, 0, 3;
    %cmp/u;
    %jmp/1 T_0.3, 6;
    %dup/vec4;
    %pushi/vec4 4, 0, 3;
    %cmp/u;
    %jmp/1 T_0.4, 6;
    %dup/vec4;
    %pushi/vec4 5, 0, 3;
    %cmp/u;
    %jmp/1 T_0.5, 6;
    %dup/vec4;
    %pushi/vec4 6, 0, 3;
    %cmp/u;
    %jmp/1 T_0.6, 6;
    %dup/vec4;
    %pushi/vec4 7, 0, 3;
    %cmp/u;
    %jmp/1 T_0.7, 6;
    %pushi/vec4 0, 0, 8;
    %store/vec4 v000001870b319490_0, 0, 8;
    %pushi/vec4 0, 0, 1;
    %store/vec4 v000001870b3190d0_0, 0, 1;
    %jmp T_0.9;
T_0.0 ;
    %load/vec4 v000001870b3186d0_0;
    %store/vec4 v000001870b319490_0, 0, 8;
    %load/vec4 v000001870b317f50_0;
    %store/vec4 v000001870b3190d0_0, 0, 1;
    %jmp T_0.9;
T_0.1 ;
    %load/vec4 v000001870b318950_0;
    %store/vec4 v000001870b319490_0, 0, 8;
    %load/vec4 v000001870b318130_0;
    %store/vec4 v000001870b3190d0_0, 0, 1;
    %jmp T_0.9;
T_0.2 ;
    %load/vec4 v000001870b319670_0;
    %store/vec4 v000001870b319490_0, 0, 8;
    %load/vec4 v000001870b319170_0;
    %store/vec4 v000001870b3190d0_0, 0, 1;
    %jmp T_0.9;
T_0.3 ;
    %load/vec4 v000001870b318a90_0;
    %store/vec4 v000001870b319490_0, 0, 8;
    %pushi/vec4 0, 0, 1;
    %store/vec4 v000001870b3190d0_0, 0, 1;
    %jmp T_0.9;
T_0.4 ;
    %load/vec4 v000001870b318770_0;
    %store/vec4 v000001870b319490_0, 0, 8;
    %pushi/vec4 0, 0, 1;
    %store/vec4 v000001870b3190d0_0, 0, 1;
    %jmp T_0.9;
T_0.5 ;
    %load/vec4 v000001870b3181d0_0;
    %store/vec4 v000001870b319490_0, 0, 8;
    %pushi/vec4 0, 0, 1;
    %store/vec4 v000001870b3190d0_0, 0, 1;
    %jmp T_0.9;
T_0.6 ;
    %load/vec4 v000001870b318590_0;
    %store/vec4 v000001870b319490_0, 0, 8;
    %pushi/vec4 0, 0, 1;
    %store/vec4 v000001870b3190d0_0, 0, 1;
    %jmp T_0.9;
T_0.7 ;
    %load/vec4 v000001870b318630_0;
    %store/vec4 v000001870b319490_0, 0, 8;
    %pushi/vec4 0, 0, 1;
    %store/vec4 v000001870b3190d0_0, 0, 1;
    %jmp T_0.9;
T_0.9 ;
    %pop/vec4 1;
    %jmp T_0;
    .thread T_0, $push;
    .scope S_000001870b2b91b0;
T_1 ;
    %vpi_call 2 26 "$monitor", "Time=%0t | Opcode=%b | A=%d (%b) B=%d (%b) | A_m=%d (%b) B_m=%d (%b) | Result=%d (%b) | Flag=%b", $time, v000001870b317a50_0, v000001870b317af0_0, v000001870b317af0_0, v000001870b3192b0_0, v000001870b3192b0_0, v000001870b319210_0, v000001870b319210_0, v000001870b317e10_0, v000001870b317e10_0, v000001870b319530_0, v000001870b319530_0, v000001870b319710_0 {0 0 0};
    %pushi/vec4 5, 0, 8;
    %store/vec4 v000001870b317af0_0, 0, 8;
    %pushi/vec4 3, 0, 8;
    %store/vec4 v000001870b3192b0_0, 0, 8;
    %pushi/vec4 0, 0, 3;
    %store/vec4 v000001870b317a50_0, 0, 3;
    %delay 10000, 0;
    %pushi/vec4 225, 0, 8;
    %store/vec4 v000001870b317af0_0, 0, 8;
    %pushi/vec4 50, 0, 8;
    %store/vec4 v000001870b3192b0_0, 0, 8;
    %pushi/vec4 0, 0, 3;
    %store/vec4 v000001870b317a50_0, 0, 3;
    %delay 10000, 0;
    %pushi/vec4 200, 0, 8;
    %store/vec4 v000001870b317af0_0, 0, 8;
    %pushi/vec4 98, 0, 8;
    %store/vec4 v000001870b3192b0_0, 0, 8;
    %pushi/vec4 1, 0, 3;
    %store/vec4 v000001870b317a50_0, 0, 3;
    %delay 10000, 0;
    %pushi/vec4 100, 0, 8;
    %store/vec4 v000001870b317af0_0, 0, 8;
    %pushi/vec4 205, 0, 8;
    %store/vec4 v000001870b3192b0_0, 0, 8;
    %pushi/vec4 1, 0, 3;
    %store/vec4 v000001870b317a50_0, 0, 3;
    %delay 10000, 0;
    %pushi/vec4 5, 0, 4;
    %store/vec4 v000001870b319210_0, 0, 4;
    %pushi/vec4 5, 0, 4;
    %store/vec4 v000001870b317e10_0, 0, 4;
    %pushi/vec4 2, 0, 3;
    %store/vec4 v000001870b317a50_0, 0, 3;
    %delay 10000, 0;
    %pushi/vec4 106, 0, 8;
    %store/vec4 v000001870b317af0_0, 0, 8;
    %pushi/vec4 66, 0, 8;
    %store/vec4 v000001870b3192b0_0, 0, 8;
    %pushi/vec4 3, 0, 3;
    %store/vec4 v000001870b317a50_0, 0, 3;
    %delay 10000, 0;
    %pushi/vec4 116, 0, 8;
    %store/vec4 v000001870b317af0_0, 0, 8;
    %pushi/vec4 82, 0, 8;
    %store/vec4 v000001870b3192b0_0, 0, 8;
    %pushi/vec4 4, 0, 3;
    %store/vec4 v000001870b317a50_0, 0, 3;
    %delay 10000, 0;
    %pushi/vec4 120, 0, 8;
    %store/vec4 v000001870b317af0_0, 0, 8;
    %pushi/vec4 84, 0, 8;
    %store/vec4 v000001870b3192b0_0, 0, 8;
    %pushi/vec4 5, 0, 3;
    %store/vec4 v000001870b317a50_0, 0, 3;
    %delay 10000, 0;
    %pushi/vec4 124, 0, 8;
    %store/vec4 v000001870b317af0_0, 0, 8;
    %pushi/vec4 66, 0, 8;
    %store/vec4 v000001870b3192b0_0, 0, 8;
    %pushi/vec4 6, 0, 3;
    %store/vec4 v000001870b317a50_0, 0, 3;
    %delay 10000, 0;
    %pushi/vec4 84, 0, 8;
    %store/vec4 v000001870b317af0_0, 0, 8;
    %pushi/vec4 86, 0, 8;
    %store/vec4 v000001870b3192b0_0, 0, 8;
    %pushi/vec4 7, 0, 3;
    %store/vec4 v000001870b317a50_0, 0, 3;
    %delay 10000, 0;
    %pushi/vec4 15, 0, 4;
    %store/vec4 v000001870b319210_0, 0, 4;
    %pushi/vec4 15, 0, 4;
    %store/vec4 v000001870b317e10_0, 0, 4;
    %pushi/vec4 2, 0, 3;
    %store/vec4 v000001870b317a50_0, 0, 3;
    %delay 10000, 0;
    %vpi_call 2 74 "$finish" {0 0 0};
    %end;
    .thread T_1;
# The file index is used to find the file name in the following table.
:file_names 3;
    "N/A";
    "<interactive>";
    "alu_tb.v";
